<?xml version="1.0" encoding="UTF-8"?>
<!-- Generated by org.testng.reporters.JUnitReportReporter -->
<testsuite skipped="0" hostname="ITP-WKS0173" name="com.test.SampleProject" tests="6" failures="0" timestamp="29 Jul 2019 10:01:47 GMT" time="6.885" errors="0">
  <testcase name="createIssue" time="2.560" classname="com.test.SampleProject"/>
  <testcase name="postTestExecution" time="0.091" classname="com.test.SampleProject"/>
  <testcase name="createEmployee" time="0.989" classname="com.test.SampleProject"/>
  <testcase name="updateEmployee" time="0.959" classname="com.test.SampleProject"/>
  <testcase name="deleteEmployee" time="0.818" classname="com.test.SampleProject"/>
  <testcase name="mailsend" time="1.468" classname="com.test.SampleProject"/>
</testsuite> <!-- com.test.SampleProject -->
