<?xml version="1.0" encoding="UTF-8"?>
<!-- Generated by org.testng.reporters.JUnitReportReporter -->
<testsuite skipped="0" hostname="ITP-WKS0173" name="com.test.FullRun" tests="6" failures="0" timestamp="29 Jul 2019 12:16:57 GMT" time="7.914" errors="0">
  <testcase name="createIssue" time="2.597" classname="com.test.FullRun"/>
  <testcase name="postTestExecution" time="0.106" classname="com.test.FullRun"/>
  <testcase name="createEmployee" time="0.969" classname="com.test.FullRun"/>
  <testcase name="updateEmployee" time="0.816" classname="com.test.FullRun"/>
  <testcase name="deleteEmployee" time="0.857" classname="com.test.FullRun"/>
  <testcase name="mailsend" time="2.569" classname="com.test.FullRun"/>
</testsuite> <!-- com.test.FullRun -->
